# JRE version: OpenJDK Runtime Environment Temurin-17.0.10+7 (17.0.10+7) (build 17.0.10+7)
# Java VM: OpenJDK 64-Bit Server VM Temurin-17.0.10+7 (17.0.10+7, mixed mode, tiered, compressed oops, compressed class ptrs, parallel gc, windows-amd64)
GC Precious Log:
 CPUs: 8 total, 8 available
 Memory: 6019M
 Large Page Support: Disabled
 NUMA Support: Disabled
 Compressed Oops: Enabled (32-bit)
 Alignments: Space 512K, Generation 512K, Heap 2M
 Heap Min Capacity: 100M
 Heap Initial Capacity: 100M
 Heap Max Capacity: 1G
 Pre-touch: Disabled
 Parallel Workers: 8
Heap:
 PSYoungGen      total 2560K, used 2024K [0x00000000eab00000, 0x00000000eba00000, 0x0000000100000000)
  eden space 512K, 0% used [0x00000000eab00000,0x00000000eab00000,0x00000000eab80000)
  from space 2048K, 98% used [0x00000000eb100000,0x00000000eb2fa010,0x00000000eb300000)
  to   space 5632K, 0% used [0x00000000eab80000,0x00000000eab80000,0x00000000eb100000)
 ParOldGen       total 155648K, used 155640K [0x00000000c0000000, 0x00000000c9800000, 0x00000000eab00000)
  object space 155648K, 99% used [0x00000000c0000000,0x00000000c97fe190,0x00000000c9800000)
 Metaspace       used 97113K, committed 98304K, reserved 1179648K
  class space    used 9496K, committed 10048K, reserved 1048576K
GC Heap History (20 events):
Event: 147879.275 GC heap after
{Heap after GC invocations=15762 (full 347):
 PSYoungGen      total 2560K, used 1024K [0x00000000eab00000, 0x00000000eb200000, 0x0000000100000000)
  eden space 1536K, 0% used [0x00000000eab00000,0x00000000eab00000,0x00000000eac80000)
  from space 1024K, 100% used [0x00000000eac80000,0x00000000ead80000,0x00000000ead80000)
  to   space 2560K, 0% used [0x00000000eaf80000,0x00000000eaf80000,0x00000000eb200000)
 ParOldGen       total 155136K, used 141790K [0x00000000c0000000, 0x00000000c9780000, 0x00000000eab00000)
  object space 155136K, 91% used [0x00000000c0000000,0x00000000c8a778c0,0x00000000c9780000)
 Metaspace       used 97054K, committed 98240K, reserved 1179648K
  class space    used 9492K, committed 10048K, reserved 1048576K
}
Event: 147879.330 GC heap before
{Heap before GC invocations=15763 (full 347):
 PSYoungGen      total 2560K, used 2560K [0x00000000eab00000, 0x00000000eb200000, 0x0000000100000000)
  eden space 1536K, 100% used [0x00000000eab00000,0x00000000eac80000,0x00000000eac80000)
  from space 1024K, 100% used [0x00000000eac80000,0x00000000ead80000,0x00000000ead80000)
  to   space 2560K, 0% used [0x00000000eaf80000,0x00000000eaf80000,0x00000000eb200000)
 ParOldGen       total 155136K, used 141790K [0x00000000c0000000, 0x00000000c9780000, 0x00000000eab00000)
  object space 155136K, 91% used [0x00000000c0000000,0x00000000c8a778c0,0x00000000c9780000)
 Metaspace       used 97063K, committed 98240K, reserved 1179648K
  class space    used 9492K, committed 10048K, reserved 1048576K
}
Event: 147879.339 GC heap after
{Heap after GC invocations=15763 (full 347):
 PSYoungGen      total 3584K, used 1504K [0x00000000eab00000, 0x00000000eb100000, 0x0000000100000000)
  eden space 2048K, 0% used [0x00000000eab00000,0x00000000eab00000,0x00000000ead00000)
  from space 1536K, 97% used [0x00000000eaf80000,0x00000000eb0f8000,0x00000000eb100000)
  to   space 2048K, 0% used [0x00000000ead00000,0x00000000ead00000,0x00000000eaf00000)
 ParOldGen       total 155136K, used 142862K [0x00000000c0000000, 0x00000000c9780000, 0x00000000eab00000)
  object space 155136K, 92% used [0x00000000c0000000,0x00000000c8b838c0,0x00000000c9780000)
 Metaspace       used 97063K, committed 98240K, reserved 1179648K
  class space    used 9492K, committed 10048K, reserved 1048576K
}
Event: 147879.367 GC heap before
{Heap before GC invocations=15764 (full 347):
 PSYoungGen      total 3584K, used 3429K [0x00000000eab00000, 0x00000000eb100000, 0x0000000100000000)
  eden space 2048K, 94% used [0x00000000eab00000,0x00000000eace1698,0x00000000ead00000)
  from space 1536K, 97% used [0x00000000eaf80000,0x00000000eb0f8000,0x00000000eb100000)
  to   space 2048K, 0% used [0x00000000ead00000,0x00000000ead00000,0x00000000eaf00000)
 ParOldGen       total 155136K, used 142862K [0x00000000c0000000, 0x00000000c9780000, 0x00000000eab00000)
  object space 155136K, 92% used [0x00000000c0000000,0x00000000c8b838c0,0x00000000c9780000)
 Metaspace       used 97063K, committed 98240K, reserved 1179648K
  class space    used 9492K, committed 10048K, reserved 1048576K
}
Event: 147879.375 GC heap after
{Heap after GC invocations=15764 (full 347):
 PSYoungGen      total 4096K, used 1868K [0x00000000eab00000, 0x00000000eb180000, 0x0000000100000000)
  eden space 2048K, 0% used [0x00000000eab00000,0x00000000eab00000,0x00000000ead00000)
  from space 2048K, 91% used [0x00000000ead00000,0x00000000eaed3000,0x00000000eaf00000)
  to   space 2048K, 0% used [0x00000000eaf80000,0x00000000eaf80000,0x00000000eb180000)
 ParOldGen       total 155136K, used 144294K [0x00000000c0000000, 0x00000000c9780000, 0x00000000eab00000)
  object space 155136K, 93% used [0x00000000c0000000,0x00000000c8ce98c0,0x00000000c9780000)
 Metaspace       used 97063K, committed 98240K, reserved 1179648K
  class space    used 9492K, committed 10048K, reserved 1048576K
}
Event: 147879.463 GC heap before
{Heap before GC invocations=15765 (full 347):
 PSYoungGen      total 4096K, used 3916K [0x00000000eab00000, 0x00000000eb180000, 0x0000000100000000)
  eden space 2048K, 100% used [0x00000000eab00000,0x00000000ead00000,0x00000000ead00000)
  from space 2048K, 91% used [0x00000000ead00000,0x00000000eaed3000,0x00000000eaf00000)
  to   space 2048K, 0% used [0x00000000eaf80000,0x00000000eaf80000,0x00000000eb180000)
 ParOldGen       total 155136K, used 144294K [0x00000000c0000000, 0x00000000c9780000, 0x00000000eab00000)
  object space 155136K, 93% used [0x00000000c0000000,0x00000000c8ce98c0,0x00000000c9780000)
 Metaspace       used 97063K, committed 98240K, reserved 1179648K
  class space    used 9492K, committed 10048K, reserved 1048576K
}
Event: 147879.473 GC heap after
{Heap after GC invocations=15765 (full 347):
 PSYoungGen      total 4608K, used 1969K [0x00000000eab00000, 0x00000000eb180000, 0x0000000100000000)
  eden space 2560K, 0% used [0x00000000eab00000,0x00000000eab00000,0x00000000ead80000)
  from space 2048K, 96% used [0x00000000eaf80000,0x00000000eb16c430,0x00000000eb180000)
  to   space 2048K, 0% used [0x00000000ead80000,0x00000000ead80000,0x00000000eaf80000)
 ParOldGen       total 155136K, used 145702K [0x00000000c0000000, 0x00000000c9780000, 0x00000000eab00000)
  object space 155136K, 93% used [0x00000000c0000000,0x00000000c8e498c0,0x00000000c9780000)
 Metaspace       used 97063K, committed 98240K, reserved 1179648K
  class space    used 9492K, committed 10048K, reserved 1048576K
}
Event: 147879.506 GC heap before
{Heap before GC invocations=15766 (full 347):
 PSYoungGen      total 4608K, used 4529K [0x00000000eab00000, 0x00000000eb180000, 0x0000000100000000)
  eden space 2560K, 100% used [0x00000000eab00000,0x00000000ead80000,0x00000000ead80000)
  from space 2048K, 96% used [0x00000000eaf80000,0x00000000eb16c430,0x00000000eb180000)
  to   space 2048K, 0% used [0x00000000ead80000,0x00000000ead80000,0x00000000eaf80000)
 ParOldGen       total 155136K, used 145702K [0x00000000c0000000, 0x00000000c9780000, 0x00000000eab00000)
  object space 155136K, 93% used [0x00000000c0000000,0x00000000c8e498c0,0x00000000c9780000)
 Metaspace       used 97063K, committed 98240K, reserved 1179648K
  class space    used 9492K, committed 10048K, reserved 1048576K
}
Event: 147879.519 GC heap after
{Heap after GC invocations=15766 (full 347):
 PSYoungGen      total 4608K, used 2036K [0x00000000eab00000, 0x00000000eb800000, 0x0000000100000000)
  eden space 2560K, 0% used [0x00000000eab00000,0x00000000eab00000,0x00000000ead80000)
  from space 2048K, 99% used [0x00000000ead80000,0x00000000eaf7d000,0x00000000eaf80000)
  to   space 5120K, 0% used [0x00000000eb300000,0x00000000eb300000,0x00000000eb800000)
 ParOldGen       total 155136K, used 148155K [0x00000000c0000000, 0x00000000c9780000, 0x00000000eab00000)
  object space 155136K, 95% used [0x00000000c0000000,0x00000000c90aef08,0x00000000c9780000)
 Metaspace       used 97063K, committed 98240K, reserved 1179648K
  class space    used 9492K, committed 10048K, reserved 1048576K
}
Event: 147905.221 GC heap before
{Heap before GC invocations=15767 (full 347):
 PSYoungGen      total 4608K, used 4596K [0x00000000eab00000, 0x00000000eb800000, 0x0000000100000000)
  eden space 2560K, 100% used [0x00000000eab00000,0x00000000ead80000,0x00000000ead80000)
  from space 2048K, 99% used [0x00000000ead80000,0x00000000eaf7d000,0x00000000eaf80000)
  to   space 5120K, 0% used [0x00000000eb300000,0x00000000eb300000,0x00000000eb800000)
 ParOldGen       total 155136K, used 148155K [0x00000000c0000000, 0x00000000c9780000, 0x00000000eab00000)
  object space 155136K, 95% used [0x00000000c0000000,0x00000000c90aef08,0x00000000c9780000)
 Metaspace       used 97084K, committed 98304K, reserved 1179648K
  class space    used 9495K, committed 10048K, reserved 1048576K
}
Event: 147905.235 GC heap after
{Heap after GC invocations=15767 (full 347):
 PSYoungGen      total 3584K, used 912K [0x00000000eab00000, 0x00000000eb400000, 0x0000000100000000)
  eden space 2560K, 0% used [0x00000000eab00000,0x00000000eab00000,0x00000000ead80000)
  from space 1024K, 89% used [0x00000000eb300000,0x00000000eb3e4000,0x00000000eb400000)
  to   space 2560K, 0% used [0x00000000eaf00000,0x00000000eaf00000,0x00000000eb180000)
 ParOldGen       total 155136K, used 150171K [0x00000000c0000000, 0x00000000c9780000, 0x00000000eab00000)
  object space 155136K, 96% used [0x00000000c0000000,0x00000000c92a6f08,0x00000000c9780000)
 Metaspace       used 97084K, committed 98304K, reserved 1179648K
  class space    used 9495K, committed 10048K, reserved 1048576K
}
Event: 147917.473 GC heap before
{Heap before GC invocations=15768 (full 347):
 PSYoungGen      total 3584K, used 3471K [0x00000000eab00000, 0x00000000eb400000, 0x0000000100000000)
  eden space 2560K, 99% used [0x00000000eab00000,0x00000000ead7ffc8,0x00000000ead80000)
  from space 1024K, 89% used [0x00000000eb300000,0x00000000eb3e4000,0x00000000eb400000)
  to   space 2560K, 0% used [0x00000000eaf00000,0x00000000eaf00000,0x00000000eb180000)
 ParOldGen       total 155136K, used 150171K [0x00000000c0000000, 0x00000000c9780000, 0x00000000eab00000)
  object space 155136K, 96% used [0x00000000c0000000,0x00000000c92a6f08,0x00000000c9780000)
 Metaspace       used 97107K, committed 98304K, reserved 1179648K
  class space    used 9495K, committed 10048K, reserved 1048576K
}
Event: 147917.478 GC heap after
{Heap after GC invocations=15768 (full 347):
 PSYoungGen      total 5120K, used 256K [0x00000000eab00000, 0x00000000eb380000, 0x0000000100000000)
  eden space 2560K, 0% used [0x00000000eab00000,0x00000000eab00000,0x00000000ead80000)
  from space 2560K, 10% used [0x00000000eaf00000,0x00000000eaf40000,0x00000000eb180000)
  to   space 1024K, 0% used [0x00000000eb280000,0x00000000eb280000,0x00000000eb380000)
 ParOldGen       total 155136K, used 150947K [0x00000000c0000000, 0x00000000c9780000, 0x00000000eab00000)
  object space 155136K, 97% used [0x00000000c0000000,0x00000000c9368f08,0x00000000c9780000)
 Metaspace       used 97107K, committed 98304K, reserved 1179648K
  class space    used 9495K, committed 10048K, reserved 1048576K
}
Event: 147917.495 GC heap before
{Heap before GC invocations=15769 (full 347):
 PSYoungGen      total 5120K, used 2816K [0x00000000eab00000, 0x00000000eb380000, 0x0000000100000000)
  eden space 2560K, 100% used [0x00000000eab00000,0x00000000ead80000,0x00000000ead80000)
  from space 2560K, 10% used [0x00000000eaf00000,0x00000000eaf40000,0x00000000eb180000)
  to   space 1024K, 0% used [0x00000000eb280000,0x00000000eb280000,0x00000000eb380000)
 ParOldGen       total 155136K, used 150947K [0x00000000c0000000, 0x00000000c9780000, 0x00000000eab00000)
  object space 155136K, 97% used [0x00000000c0000000,0x00000000c9368f08,0x00000000c9780000)
 Metaspace       used 97107K, committed 98304K, reserved 1179648K
  class space    used 9495K, committed 10048K, reserved 1048576K
}
Event: 147917.501 GC heap after
{Heap after GC invocations=15769 (full 347):
 PSYoungGen      total 3584K, used 1003K [0x00000000eab00000, 0x00000000eb380000, 0x0000000100000000)
  eden space 2560K, 0% used [0x00000000eab00000,0x00000000eab00000,0x00000000ead80000)
  from space 1024K, 97% used [0x00000000eb280000,0x00000000eb37ae10,0x00000000eb380000)
  to   space 2560K, 0% used [0x00000000eae80000,0x00000000eae80000,0x00000000eb100000)
 ParOldGen       total 155136K, used 151929K [0x00000000c0000000, 0x00000000c9780000, 0x00000000eab00000)
  object space 155136K, 97% used [0x00000000c0000000,0x00000000c945e6a8,0x00000000c9780000)
 Metaspace       used 97107K, committed 98304K, reserved 1179648K
  class space    used 9495K, committed 10048K, reserved 1048576K
}
Event: 147917.508 GC heap before
{Heap before GC invocations=15770 (full 347):
 PSYoungGen      total 3584K, used 3563K [0x00000000eab00000, 0x00000000eb380000, 0x0000000100000000)
  eden space 2560K, 100% used [0x00000000eab00000,0x00000000ead80000,0x00000000ead80000)
  from space 1024K, 97% used [0x00000000eb280000,0x00000000eb37ae10,0x00000000eb380000)
  to   space 2560K, 0% used [0x00000000eae80000,0x00000000eae80000,0x00000000eb100000)
 ParOldGen       total 155136K, used 151929K [0x00000000c0000000, 0x00000000c9780000, 0x00000000eab00000)
  object space 155136K, 97% used [0x00000000c0000000,0x00000000c945e6a8,0x00000000c9780000)
 Metaspace       used 97107K, committed 98304K, reserved 1179648K
  class space    used 9495K, committed 10048K, reserved 1048576K
}
Event: 147917.512 GC heap after
{Heap after GC invocations=15770 (full 347):
 PSYoungGen      total 5632K, used 2208K [0x00000000eab00000, 0x00000000eb300000, 0x0000000100000000)
  eden space 3072K, 0% used [0x00000000eab00000,0x00000000eab00000,0x00000000eae00000)
  from space 2560K, 86% used [0x00000000eae80000,0x00000000eb0a8000,0x00000000eb100000)
  to   space 2048K, 0% used [0x00000000eb100000,0x00000000eb100000,0x00000000eb300000)
 ParOldGen       total 155136K, used 152976K [0x00000000c0000000, 0x00000000c9780000, 0x00000000eab00000)
  object space 155136K, 98% used [0x00000000c0000000,0x00000000c9564170,0x00000000c9780000)
 Metaspace       used 97107K, committed 98304K, reserved 1179648K
  class space    used 9495K, committed 10048K, reserved 1048576K
}
Event: 147917.534 GC heap before
{Heap before GC invocations=15771 (full 347):
 PSYoungGen      total 5632K, used 5218K [0x00000000eab00000, 0x00000000eb300000, 0x0000000100000000)
  eden space 3072K, 98% used [0x00000000eab00000,0x00000000eadf0aa8,0x00000000eae00000)
  from space 2560K, 86% used [0x00000000eae80000,0x00000000eb0a8000,0x00000000eb100000)
  to   space 2048K, 0% used [0x00000000eb100000,0x00000000eb100000,0x00000000eb300000)
 ParOldGen       total 155136K, used 152976K [0x00000000c0000000, 0x00000000c9780000, 0x00000000eab00000)
  object space 155136K, 98% used [0x00000000c0000000,0x00000000c9564170,0x00000000c9780000)
 Metaspace       used 97113K, committed 98304K, reserved 1179648K
  class space    used 9496K, committed 10048K, reserved 1048576K
}
Event: 147917.546 GC heap after
{Heap after GC invocations=15771 (full 347):
 PSYoungGen      total 2560K, used 2024K [0x00000000eab00000, 0x00000000eba00000, 0x0000000100000000)
  eden space 512K, 0% used [0x00000000eab00000,0x00000000eab00000,0x00000000eab80000)
  from space 2048K, 98% used [0x00000000eb100000,0x00000000eb2fa010,0x00000000eb300000)
  to   space 5632K, 0% used [0x00000000eab80000,0x00000000eab80000,0x00000000eb100000)
 ParOldGen       total 155648K, used 155640K [0x00000000c0000000, 0x00000000c9800000, 0x00000000eab00000)
  object space 155648K, 99% used [0x00000000c0000000,0x00000000c97fe190,0x00000000c9800000)
 Metaspace       used 97113K, committed 98304K, reserved 1179648K
  class space    used 9496K, committed 10048K, reserved 1048576K
}
Event: 147917.546 GC heap before
{Heap before GC invocations=15772 (full 348):
 PSYoungGen      total 2560K, used 2024K [0x00000000eab00000, 0x00000000eba00000, 0x0000000100000000)
  eden space 512K, 0% used [0x00000000eab00000,0x00000000eab00000,0x00000000eab80000)
  from space 2048K, 98% used [0x00000000eb100000,0x00000000eb2fa010,0x00000000eb300000)
  to   space 5632K, 0% used [0x00000000eab80000,0x00000000eab80000,0x00000000eb100000)
 ParOldGen       total 155648K, used 155640K [0x00000000c0000000, 0x00000000c9800000, 0x00000000eab00000)
  object space 155648K, 99% used [0x00000000c0000000,0x00000000c97fe190,0x00000000c9800000)
 Metaspace       used 97113K, committed 98304K, reserved 1179648K
  class space    used 9496K, committed 10048K, reserved 1048576K
}

